2020-11-12 03:59:25 10856 2 狀態: 正在下載 /FileZilla_3.51.0_win64-setup.exe
2020-11-12 03:59:25 10856 2 狀態: 正在解析 dl1.cdn.filezilla-project.org 的 IP 位址
2020-11-12 03:59:25 10856 2 狀態: 正在連線到 195.201.43.134:443...
2020-11-12 03:59:26 10856 2 狀態: 連線已建立, 正在初始 TLS...
2020-11-12 03:59:26 10856 2 狀態: 正在驗證憑證...
2020-11-12 03:59:26 10856 2 狀態: TLS 連線已建立, 正在傳送 HTTP 請求
2020-11-12 03:59:26 10856 2 指令: GET /FileZilla_3.51.0_win64-setup.exe HTTP/1.1
2020-11-12 03:59:26 10856 2 指令: Connection: close
2020-11-12 03:59:26 10856 2 指令: Host: dl1.cdn.filezilla-project.org
2020-11-12 03:59:26 10856 2 指令: User-Agent: FileZilla/3.50.0
2020-11-12 03:59:26 10856 2 回應: HTTP/1.1 200 OK
2020-11-12 03:59:26 10856 2 回應: Server: nginx
2020-11-12 03:59:26 10856 2 回應: Date: Thu, 12 Nov 2020 03:59:26 GMT
2020-11-12 03:59:26 10856 2 回應: Content-Type: application/octet-stream
2020-11-12 03:59:26 10856 2 回應: Content-Length: 11312288
2020-11-12 03:59:26 10856 2 回應: Last-Modified: Tue, 20 Oct 2020 13:10:13 GMT
2020-11-12 03:59:26 10856 2 回應: Connection: close
2020-11-12 03:59:26 10856 2 回應: ETag: "5f8ee1b5-ac9ca0"
2020-11-12 03:59:26 10856 2 回應: X-Robots-Tag: noindex, nofollow
2020-11-12 03:59:26 10856 2 回應: Strict-Transport-Security: max-age=31536000; includeSubDomains; preload
2020-11-12 03:59:26 10856 2 回應: Accept-Ranges: bytes
2020-11-12 03:59:36 10856 1 狀態: 正在連線到 140.116.154.1:21...
2020-11-12 03:59:36 10856 1 狀態: 連線已建立, 正在等候歡迎訊息...
2020-11-12 03:59:36 10856 1 回應: 220 Gene6 FTP Server v3.10.0 (Build 2) ready...
2020-11-12 03:59:36 10856 1 指令: AUTH TLS
2020-11-12 03:59:36 10856 1 回應: 534 AUTH command is disabled.
2020-11-12 03:59:36 10856 1 指令: AUTH SSL
2020-11-12 03:59:36 10856 1 回應: 534 AUTH command is disabled.
2020-11-12 03:59:36 10856 1 狀態: 不安全的伺服器, 它不支援透過 TLS 的 FTP.
2020-11-12 03:59:38 10856 1 指令: USER opencvdl2020
2020-11-12 03:59:38 10856 1 回應: 331 Password required for opencvdl2020.
2020-11-12 03:59:38 10856 1 指令: PASS ************
2020-11-12 03:59:38 10856 1 回應: 230 User opencvdl2020 logged in.
2020-11-12 03:59:38 10856 1 指令: SYST
2020-11-12 03:59:38 10856 1 回應: 215 UNIX Type: L8
2020-11-12 03:59:38 10856 1 指令: FEAT
2020-11-12 03:59:38 10856 1 回應: 211-Extensions supported:
2020-11-12 03:59:38 10856 1 回應:  AUTH TLS
2020-11-12 03:59:38 10856 1 回應:  CCC
2020-11-12 03:59:38 10856 1 回應:  CLNT
2020-11-12 03:59:38 10856 1 回應:  CPSV
2020-11-12 03:59:38 10856 1 回應:  EPRT
2020-11-12 03:59:38 10856 1 回應:  EPSV
2020-11-12 03:59:38 10856 1 回應:  MDTM
2020-11-12 03:59:38 10856 1 回應:  MFCT
2020-11-12 03:59:38 10856 1 回應:  MFMT
2020-11-12 03:59:38 10856 1 回應:  MLST type*;size*;create;modify*;
2020-11-12 03:59:38 10856 1 回應:  MODE Z
2020-11-12 03:59:38 10856 1 回應:  PASV
2020-11-12 03:59:38 10856 1 回應:  PBSZ
2020-11-12 03:59:38 10856 1 回應:  PROT
2020-11-12 03:59:38 10856 1 回應:  REST STREAM
2020-11-12 03:59:38 10856 1 回應:  SIZE
2020-11-12 03:59:38 10856 1 回應:  SSCN
2020-11-12 03:59:38 10856 1 回應:  TVFS
2020-11-12 03:59:38 10856 1 回應:  UTF8
2020-11-12 03:59:38 10856 1 回應:  XCRC "filename" SP EP
2020-11-12 03:59:38 10856 1 回應:  XMD5 "filename" SP EP
2020-11-12 03:59:38 10856 1 回應:  XSHA1 "filename" SP EP
2020-11-12 03:59:38 10856 1 回應: 211 End.
2020-11-12 03:59:38 10856 1 指令: CLNT FileZilla
2020-11-12 03:59:38 10856 1 回應: 200 Noted.
2020-11-12 03:59:38 10856 1 指令: OPTS UTF8 ON
2020-11-12 03:59:38 10856 1 回應: 200 UTF8 OPTS ON
2020-11-12 03:59:38 10856 1 狀態: 記錄
2020-11-12 03:59:38 10856 1 狀態: 正在取得目錄列表...
2020-11-12 03:59:38 10856 1 指令: PWD
2020-11-12 03:59:38 10856 1 回應: 257 "/" is current directory.
2020-11-12 03:59:38 10856 1 指令: TYPE I
2020-11-12 03:59:38 10856 1 回應: 200 Type set to I.
2020-11-12 03:59:38 10856 1 指令: PASV
2020-11-12 03:59:38 10856 1 回應: 227 Entering Passive Mode (140,116,154,1,144,189)
2020-11-12 03:59:38 10856 1 指令: MLSD
2020-11-12 03:59:38 10856 1 回應: 150 Data connection accepted from 218.164.10.205:51934; transfer starting.
2020-11-12 03:59:38 10856 1 回應: 226 Transfer ok.
2020-11-12 03:59:38 10856 1 狀態: 成功取得 "/" 的目錄
2020-11-12 03:59:40 10856 1 狀態: 正在取得 "/Upload" 的目錄列表...
2020-11-12 03:59:40 10856 1 指令: CWD Upload
2020-11-12 03:59:40 10856 1 回應: 250 CWD command successful. "/Upload" is current directory.
2020-11-12 03:59:40 10856 1 指令: PWD
2020-11-12 03:59:40 10856 1 回應: 257 "/Upload" is current directory.
2020-11-12 03:59:40 10856 1 指令: PASV
2020-11-12 03:59:40 10856 1 回應: 227 Entering Passive Mode (140,116,154,1,99,115)
2020-11-12 03:59:40 10856 1 指令: MLSD
2020-11-12 03:59:40 10856 1 回應: 150 Data connection accepted from 218.164.10.205:51935; transfer starting.
2020-11-12 03:59:40 10856 1 回應: 226 Transfer ok.
2020-11-12 03:59:40 10856 1 狀態: 成功取得 "/Upload" 的目錄
2020-11-12 03:59:42 10856 1 狀態: 正在取得 "/Upload/Homework" 的目錄列表...
2020-11-12 03:59:42 10856 1 指令: CWD Homework
2020-11-12 03:59:42 10856 1 回應: 250 CWD command successful. "/Upload/Homework" is current directory.
2020-11-12 03:59:42 10856 1 指令: PWD
2020-11-12 03:59:42 10856 1 回應: 257 "/Upload/Homework" is current directory.
2020-11-12 03:59:42 10856 1 指令: PASV
2020-11-12 03:59:42 10856 1 回應: 227 Entering Passive Mode (140,116,154,1,88,5)
2020-11-12 03:59:42 10856 1 指令: MLSD
2020-11-12 03:59:42 10856 1 回應: 150 Data connection accepted from 218.164.10.205:51936; transfer starting.
2020-11-12 03:59:42 10856 1 回應: 226 Transfer ok.
2020-11-12 03:59:42 10856 1 狀態: 成功取得 "/Upload/Homework" 的目錄
2020-11-12 03:59:49 10856 1 狀態: 正在取得 "/Upload/Homework/OpenCv_Hw1" 的目錄列表...
2020-11-12 03:59:49 10856 1 指令: CWD OpenCv_Hw1
2020-11-12 03:59:49 10856 1 回應: 250 CWD command successful. "/Upload/Homework/OpenCv_Hw1" is current directory.
2020-11-12 03:59:49 10856 1 指令: PWD
2020-11-12 03:59:49 10856 1 回應: 257 "/Upload/Homework/OpenCv_Hw1" is current directory.
2020-11-12 03:59:49 10856 1 指令: PASV
2020-11-12 03:59:49 10856 1 回應: 227 Entering Passive Mode (140,116,154,1,15,159)
2020-11-12 03:59:49 10856 1 指令: MLSD
2020-11-12 03:59:49 10856 1 回應: 150 Data connection accepted from 218.164.10.205:51941; transfer starting.
2020-11-12 03:59:49 10856 1 回應: 226 Transfer ok.
2020-11-12 03:59:49 10856 1 狀態: 成功取得 "/Upload/Homework/OpenCv_Hw1" 的目錄
2020-11-12 04:00:06 10856 1 狀態: 正在取得 "/Upload/Homework/OpenCv_Hw1_05" 的目錄列表...
2020-11-12 04:00:06 10856 1 指令: CWD /Upload/Homework/OpenCv_Hw1_05
2020-11-12 04:00:06 10856 1 回應: 250 CWD command successful. "/Upload/Homework/OpenCv_Hw1_05" is current directory.
2020-11-12 04:00:06 10856 1 指令: PWD
2020-11-12 04:00:06 10856 1 回應: 257 "/Upload/Homework/OpenCv_Hw1_05" is current directory.
2020-11-12 04:00:06 10856 1 指令: PASV
2020-11-12 04:00:06 10856 1 回應: 227 Entering Passive Mode (140,116,154,1,236,130)
2020-11-12 04:00:06 10856 1 指令: MLSD
2020-11-12 04:00:06 10856 1 回應: 150 Data connection accepted from 218.164.10.205:51945; transfer starting.
2020-11-12 04:00:06 10856 1 回應: 226 Transfer ok.
2020-11-12 04:00:06 10856 1 狀態: 成功取得 "/Upload/Homework/OpenCv_Hw1_05" 的目錄
2020-11-12 04:00:11 10856 2 狀態: 檔案傳輸成功, 已傳輸 11,312,288 位元組 (全部 44 秒)
2020-11-12 04:05:12 10856 1 回應: 421 Connection closed, timed out.
2020-11-12 04:05:12 10856 1 狀態: 由伺服器關閉連線
2020-11-12 04:21:11 10856 1 狀態: 正在連線到 140.116.154.1:21...
2020-11-12 04:21:11 10856 1 狀態: 連線已建立, 正在等候歡迎訊息...
2020-11-12 04:21:11 10856 1 回應: 220 Gene6 FTP Server v3.10.0 (Build 2) ready...
2020-11-12 04:21:11 10856 1 指令: AUTH TLS
2020-11-12 04:21:11 10856 1 回應: 534 AUTH command is disabled.
2020-11-12 04:21:11 10856 1 指令: AUTH SSL
2020-11-12 04:21:11 10856 1 回應: 534 AUTH command is disabled.
2020-11-12 04:21:11 10856 1 狀態: 不安全的伺服器, 它不支援透過 TLS 的 FTP.
2020-11-12 04:21:11 10856 1 指令: USER opencvdl2020
2020-11-12 04:21:12 10856 1 回應: 331 Password required for opencvdl2020.
2020-11-12 04:21:12 10856 1 指令: PASS ************
2020-11-12 04:21:12 10856 1 回應: 230 User opencvdl2020 logged in.
2020-11-12 04:21:12 10856 1 指令: CLNT FileZilla
2020-11-12 04:21:12 10856 1 回應: 200 Noted.
2020-11-12 04:21:12 10856 1 指令: OPTS UTF8 ON
2020-11-12 04:21:12 10856 1 回應: 200 UTF8 OPTS ON
2020-11-12 04:21:12 10856 1 狀態: 記錄
2020-11-12 04:21:12 10856 1 狀態: 正在取得 "/Upload/Homework/OpenCv_Hw1" 的目錄列表...
2020-11-12 04:21:12 10856 1 指令: CWD /Upload/Homework/OpenCv_Hw1
2020-11-12 04:21:12 10856 1 回應: 250 CWD command successful. "/Upload/Homework/OpenCv_Hw1" is current directory.
2020-11-12 04:21:12 10856 1 指令: PWD
2020-11-12 04:21:12 10856 1 回應: 257 "/Upload/Homework/OpenCv_Hw1" is current directory.
2020-11-12 04:21:12 10856 1 指令: TYPE I
2020-11-12 04:21:12 10856 1 回應: 200 Type set to I.
2020-11-12 04:21:12 10856 1 指令: PASV
2020-11-12 04:21:12 10856 1 回應: 227 Entering Passive Mode (140,116,154,1,55,64)
2020-11-12 04:21:12 10856 1 指令: MLSD
2020-11-12 04:21:12 10856 1 回應: 150 Data connection accepted from 218.164.10.205:52790; transfer starting.
2020-11-12 04:21:12 10856 1 回應: 226 Transfer ok.
2020-11-12 04:21:12 10856 1 狀態: 成功取得 "/Upload/Homework/OpenCv_Hw1" 的目錄
2020-11-12 04:21:12 10856 1 狀態: 正在取得 "/Upload/Homework/OpenCv_Hw1_05" 的目錄列表...
2020-11-12 04:21:12 10856 1 指令: CWD /Upload/Homework/OpenCv_Hw1_05
2020-11-12 04:21:12 10856 1 回應: 250 CWD command successful. "/Upload/Homework/OpenCv_Hw1_05" is current directory.
2020-11-12 04:21:12 10856 1 指令: PASV
2020-11-12 04:21:12 10856 1 回應: 227 Entering Passive Mode (140,116,154,1,203,109)
2020-11-12 04:21:12 10856 1 指令: MLSD
2020-11-12 04:21:12 10856 1 回應: 150 Data connection accepted from 218.164.10.205:52791; transfer starting.
2020-11-12 04:21:12 10856 1 回應: 226 Transfer ok.
2020-11-12 04:21:12 10856 1 狀態: 成功取得 "/Upload/Homework/OpenCv_Hw1_05" 的目錄
2020-11-12 04:21:15 10856 3 狀態: 正在連線到 140.116.154.1:21...
2020-11-12 04:21:15 10856 3 狀態: 連線已建立, 正在等候歡迎訊息...
2020-11-12 04:21:15 10856 3 回應: 220 Gene6 FTP Server v3.10.0 (Build 2) ready...
2020-11-12 04:21:15 10856 3 指令: AUTH TLS
2020-11-12 04:21:15 10856 3 回應: 534 AUTH command is disabled.
2020-11-12 04:21:15 10856 3 指令: AUTH SSL
2020-11-12 04:21:15 10856 3 回應: 534 AUTH command is disabled.
2020-11-12 04:21:15 10856 3 狀態: 不安全的伺服器, 它不支援透過 TLS 的 FTP.
2020-11-12 04:21:15 10856 3 指令: USER opencvdl2020
2020-11-12 04:21:15 10856 3 回應: 331 Password required for opencvdl2020.
2020-11-12 04:21:15 10856 3 指令: PASS ************
2020-11-12 04:21:15 10856 3 回應: 230 User opencvdl2020 logged in.
2020-11-12 04:21:15 10856 3 指令: CLNT FileZilla
2020-11-12 04:21:15 10856 3 回應: 200 Noted.
2020-11-12 04:21:15 10856 3 指令: OPTS UTF8 ON
2020-11-12 04:21:15 10856 3 回應: 200 UTF8 OPTS ON
2020-11-12 04:21:15 10856 3 狀態: 記錄
2020-11-12 04:21:15 10856 3 狀態: 開始 C:\Users\user\Desktop\四上\視覺處理\hw1\Hw1_05_F74064038_陳奕辰_V1.zip 的上傳
2020-11-12 04:21:15 10856 3 指令: CWD /Upload/Homework
2020-11-12 04:21:15 10856 3 回應: 250 CWD command successful. "/Upload/Homework" is current directory.
2020-11-12 04:21:15 10856 3 指令: PWD
2020-11-12 04:21:15 10856 3 回應: 257 "/Upload/Homework" is current directory.
2020-11-12 04:21:15 10856 3 指令: TYPE I
2020-11-12 04:21:15 10856 3 回應: 200 Type set to I.
2020-11-12 04:21:15 10856 3 指令: PASV
2020-11-12 04:21:15 10856 3 回應: 227 Entering Passive Mode (140,116,154,1,93,36)
2020-11-12 04:21:15 10856 3 指令: STOR Hw1_05_F74064038_陳奕辰_V1.zip
2020-11-12 04:21:15 10856 3 回應: 150 Data connection accepted from 218.164.10.205:52794; transfer starting for /Upload/Homework/Hw1_05_F74064038_陳奕辰_V1.zip
2020-11-12 04:21:22 10856 1 狀態: 正在取得 "/Upload/Homework" 的目錄列表...
2020-11-12 04:21:22 10856 1 指令: CWD /Upload/Homework
2020-11-12 04:21:22 10856 1 回應: 250 CWD command successful. "/Upload/Homework" is current directory.
2020-11-12 04:21:22 10856 1 指令: PASV
2020-11-12 04:21:22 10856 1 回應: 227 Entering Passive Mode (140,116,154,1,133,182)
2020-11-12 04:21:22 10856 1 指令: MLSD
2020-11-12 04:21:22 10856 1 回應: 150 Data connection accepted from 218.164.10.205:52795; transfer starting.
2020-11-12 04:21:22 10856 1 回應: 226 Transfer ok.
2020-11-12 04:21:22 10856 1 狀態: 成功取得 "/Upload/Homework" 的目錄
2020-11-12 04:21:27 10856 1 狀態: 正在刪除 "/Upload/Homework/Hw1_05_F74064038_陳奕辰_V1.zip"
2020-11-12 04:21:27 10856 1 指令: DELE Hw1_05_F74064038_陳奕辰_V1.zip
2020-11-12 04:21:27 10856 1 回應: 550 Cannot DELE. No permission.
2020-11-12 04:21:32 10856 1 狀態: 正在取得 "/Upload" 的目錄列表...
2020-11-12 04:21:32 10856 1 指令: CWD /Upload
2020-11-12 04:21:32 10856 1 回應: 250 CWD command successful. "/Upload" is current directory.
2020-11-12 04:21:32 10856 1 指令: PWD
2020-11-12 04:21:32 10856 1 回應: 257 "/Upload" is current directory.
2020-11-12 04:21:32 10856 1 指令: PASV
2020-11-12 04:21:32 10856 1 回應: 227 Entering Passive Mode (140,116,154,1,130,212)
2020-11-12 04:21:32 10856 1 指令: MLSD
2020-11-12 04:21:32 10856 1 回應: 150 Data connection accepted from 218.164.10.205:52796; transfer starting.
2020-11-12 04:21:32 10856 1 回應: 226 Transfer ok.
2020-11-12 04:21:32 10856 1 狀態: 成功取得 "/Upload" 的目錄
2020-11-12 04:21:32 10856 1 狀態: 正在取得 "/Upload/Homework" 的目錄列表...
2020-11-12 04:21:32 10856 1 指令: CWD /Upload/Homework
2020-11-12 04:21:32 10856 1 回應: 250 CWD command successful. "/Upload/Homework" is current directory.
2020-11-12 04:21:32 10856 1 指令: PASV
2020-11-12 04:21:32 10856 1 回應: 227 Entering Passive Mode (140,116,154,1,206,83)
2020-11-12 04:21:32 10856 1 指令: MLSD
2020-11-12 04:21:32 10856 1 回應: 150 Data connection accepted from 218.164.10.205:52797; transfer starting.
2020-11-12 04:21:32 10856 1 回應: 226 Transfer ok.
2020-11-12 04:21:32 10856 1 狀態: 成功取得 "/Upload/Homework" 的目錄
2020-11-12 04:21:34 10856 4 狀態: 正在連線到 140.116.154.1:21...
2020-11-12 04:21:34 10856 4 狀態: 連線已建立, 正在等候歡迎訊息...
2020-11-12 04:21:34 10856 4 回應: 220 Gene6 FTP Server v3.10.0 (Build 2) ready...
2020-11-12 04:21:34 10856 4 指令: AUTH TLS
2020-11-12 04:21:34 10856 4 回應: 534 AUTH command is disabled.
2020-11-12 04:21:34 10856 4 指令: AUTH SSL
2020-11-12 04:21:34 10856 4 回應: 534 AUTH command is disabled.
2020-11-12 04:21:34 10856 4 狀態: 不安全的伺服器, 它不支援透過 TLS 的 FTP.
2020-11-12 04:21:34 10856 4 指令: USER opencvdl2020
2020-11-12 04:21:34 10856 4 回應: 331 Password required for opencvdl2020.
2020-11-12 04:21:34 10856 4 指令: PASS ************
2020-11-12 04:21:34 10856 4 回應: 230 User opencvdl2020 logged in.
2020-11-12 04:21:34 10856 4 指令: CLNT FileZilla
2020-11-12 04:21:34 10856 4 回應: 200 Noted.
2020-11-12 04:21:34 10856 4 指令: OPTS UTF8 ON
2020-11-12 04:21:34 10856 4 回應: 200 UTF8 OPTS ON
2020-11-12 04:21:34 10856 4 狀態: 記錄
2020-11-12 04:21:34 10856 4 狀態: 開始 /Upload/Homework/Hw1_05_F74064038_陳奕辰_V1.zip 的下載
2020-11-12 04:21:34 10856 4 指令: CWD /Upload/Homework
2020-11-12 04:21:34 10856 4 回應: 250 CWD command successful. "/Upload/Homework" is current directory.
2020-11-12 04:21:34 10856 4 指令: TYPE I
2020-11-12 04:21:34 10856 4 回應: 200 Type set to I.
2020-11-12 04:21:34 10856 4 指令: PASV
2020-11-12 04:21:34 10856 4 回應: 227 Entering Passive Mode (140,116,154,1,137,46)
2020-11-12 04:21:34 10856 4 指令: RETR Hw1_05_F74064038_陳奕辰_V1.zip
2020-11-12 04:21:34 10856 4 錯誤: 傳輸連線中斷: ECONNABORTED - 中止連線
2020-11-12 04:21:34 10856 4 回應: 550 Cannot RETR. No permission.
2020-11-12 04:21:34 10856 4 錯誤: 嚴重檔案傳輸錯誤
2020-11-12 04:21:38 10856 1 狀態: 正在刪除 "/Upload/Homework/Hw1_05_F74064038_陳奕辰_V1.zip"
2020-11-12 04:21:38 10856 1 指令: DELE Hw1_05_F74064038_陳奕辰_V1.zip
2020-11-12 04:21:38 10856 1 回應: 550 Cannot DELE. No permission.
2020-11-12 04:22:04 10856 4 狀態: 開始 C:\Users\user\Desktop\四上\視覺處理\hw1\Hw1_05_F74064038_陳奕辰_V1.zip 的上傳
2020-11-12 04:22:04 10856 4 指令: CWD /Upload/Homework/OpenCv_Hw1_05
2020-11-12 04:22:04 10856 4 回應: 250 CWD command successful. "/Upload/Homework/OpenCv_Hw1_05" is current directory.
2020-11-12 04:22:04 10856 4 指令: PASV
2020-11-12 04:22:04 10856 4 回應: 227 Entering Passive Mode (140,116,154,1,196,60)
2020-11-12 04:22:04 10856 4 指令: STOR Hw1_05_F74064038_陳奕辰_V1.zip
2020-11-12 04:22:04 10856 4 回應: 150 Data connection accepted from 218.164.10.205:52800; transfer starting for /Upload/Homework/OpenCv_Hw1_05/Hw1_05_F74064038_陳奕辰_V1.zip
2020-11-12 04:22:08 10856 3 回應: 226 File received ok.
2020-11-12 04:22:08 10856 3 狀態: 檔案傳輸成功, 已傳輸 160,428,295 位元組 (全部 53 秒)
2020-11-12 04:22:35 10856 1 狀態: 正在取得 "/Upload/Homework/OpenCv_Hw1_05" 的目錄列表...
2020-11-12 04:22:35 10856 1 指令: CWD /Upload/Homework/OpenCv_Hw1_05
2020-11-12 04:22:35 10856 1 回應: 250 CWD command successful. "/Upload/Homework/OpenCv_Hw1_05" is current directory.
2020-11-12 04:22:35 10856 1 指令: PASV
2020-11-12 04:22:35 10856 1 回應: 227 Entering Passive Mode (140,116,154,1,144,33)
2020-11-12 04:22:35 10856 1 指令: MLSD
2020-11-12 04:22:35 10856 1 回應: 150 Data connection accepted from 218.164.10.205:52801; transfer starting.
2020-11-12 04:22:36 10856 1 回應: 226 Transfer ok.
2020-11-12 04:22:36 10856 1 狀態: 成功取得 "/Upload/Homework/OpenCv_Hw1_05" 的目錄
2020-11-12 04:22:48 10856 4 回應: 226 File received ok.
2020-11-12 04:22:48 10856 4 狀態: 檔案傳輸成功, 已傳輸 160,428,295 位元組 (全部 44 秒)
2020-11-12 04:22:48 10856 3 狀態: 正在取得 "/Upload/Homework/OpenCv_Hw1_05" 的目錄列表...
2020-11-12 04:22:48 10856 3 指令: CWD /Upload/Homework/OpenCv_Hw1_05
2020-11-12 04:22:48 10856 3 回應: 250 CWD command successful. "/Upload/Homework/OpenCv_Hw1_05" is current directory.
2020-11-12 04:22:48 10856 3 指令: PASV
2020-11-12 04:22:48 10856 3 回應: 227 Entering Passive Mode (140,116,154,1,213,48)
2020-11-12 04:22:48 10856 3 指令: MLSD
2020-11-12 04:22:48 10856 3 回應: 150 Data connection accepted from 218.164.10.205:52802; transfer starting.
2020-11-12 04:22:48 10856 3 回應: 226 Transfer ok.
2020-11-12 04:22:48 10856 3 狀態: 成功取得 "/Upload/Homework/OpenCv_Hw1_05" 的目錄
